// 重构日志: 2dae9a0d
// 重构日志: 9e45f8f4
// 重构日志: 9f152787
// 重构日志: 7faa3ed7
// 重构日志: 06791255
// 重构日志: d326c52b
// 重构日志: dfb50a90
// 重构日志: 0198267d
// 同步 ID: 55d204a5 @ Sat Jul 11 14:52:13 UTC 2026
// 同步 ID: 97f057b8 @ Sun Jul 12 08:46:56 UTC 2026
// 重构日志: 4eaee09d
// 同步 ID: 9f12f249 @ Tue Jul 14 06:51:57 UTC 2026
// 重构日志: dbc29b28
// 同步 ID: 081bbe03 @ Fri Jul 17 06:32:35 UTC 2026
// 同步 ID: 4de30013 @ Sat Jul 18 11:12:57 UTC 2026
// 同步 ID: 9e5afecb @ Sun Jul 19 03:57:03 UTC 2026
// 重构日志: d359da91
// 同步 ID: 25660c93 @ Sun Jul 19 14:01:25 UTC 2026
// 重构日志: 7e078c11
// 重构日志: 0770a6ee
// 重构日志: 2ac76c5f
// 同步 ID: e364b657 @ Tue Jul 21 14:25:57 UTC 2026
// 同步 ID: 03965f3e @ Tue Jul 21 17:02:51 UTC 2026
// 同步 ID: 52a6c6ed @ Tue Jul 21 19:22:24 UTC 2026
